0 verbose cli /opt/homebrew/Cellar/node/25.2.1/bin/node /opt/homebrew/bin/npm
1 info using npm@11.6.2
2 info using node@v25.2.1
3 silly config load:file:/opt/homebrew/lib/node_modules/npm/npmrc
4 silly config load:file:/Users/suraj/work/CaretEDA/website/code/website/.npmrc
5 silly config load:file:/Users/suraj/.npmrc
6 silly config load:file:/opt/homebrew/etc/npmrc
7 verbose title npm install angular-cli-ghpages
8 verbose argv "install" "angular-cli-ghpages" "--save-dev" "--cache" "./.npm-cache"
9 verbose logfile logs-max:10 dir:/Users/suraj/work/CaretEDA/website/code/website/.npm-cache/_logs/2026-01-14T10_47_43_801Z-
10 verbose logfile /Users/suraj/work/CaretEDA/website/code/website/.npm-cache/_logs/2026-01-14T10_47_43_801Z-debug-0.log
11 silly logfile done cleaning log files
12 silly packumentCache heap:4496293888 maxSize:1124073472 maxEntrySize:562036736
13 silly idealTree buildDeps
14 silly fetch manifest angular-cli-ghpages@*
15 silly packumentCache full:https://registry.npmjs.org/angular-cli-ghpages cache-miss
16 http fetch GET 200 https://registry.npmjs.org/angular-cli-ghpages 124ms (cache miss)
17 silly packumentCache full:https://registry.npmjs.org/angular-cli-ghpages set size:undefined disposed:false
18 silly fetch manifest @angular/cli@^21.0.5
19 silly packumentCache full:https://registry.npmjs.org/@angular%2fcli cache-miss
20 http fetch GET 200 https://registry.npmjs.org/@angular%2fcli 43ms (cache revalidated)
21 silly packumentCache full:https://registry.npmjs.org/@angular%2fcli set size:2992430 disposed:false
22 silly placeDep ROOT angular-cli-ghpages@3.0.2 OK for: corporate-website@0.0.0 want: *
23 silly fetch manifest gh-pages@6.3.0
24 silly packumentCache full:https://registry.npmjs.org/gh-pages cache-miss
25 http fetch GET 200 https://registry.npmjs.org/gh-pages 819ms (cache miss)
26 silly packumentCache full:https://registry.npmjs.org/gh-pages set size:undefined disposed:false
27 silly placeDep ROOT gh-pages@6.3.0 OK for: angular-cli-ghpages@3.0.2 want: 6.3.0
28 silly fetch manifest async@^3.2.4
29 silly packumentCache full:https://registry.npmjs.org/async cache-miss
30 silly fetch manifest globby@^11.1.0
31 silly packumentCache full:https://registry.npmjs.org/globby cache-miss
32 silly fetch manifest fs-extra@^11.1.1
33 silly packumentCache full:https://registry.npmjs.org/fs-extra cache-miss
34 silly fetch manifest commander@^13.0.0
35 silly packumentCache full:https://registry.npmjs.org/commander cache-miss
36 silly fetch manifest filenamify@^4.3.0
37 silly packumentCache full:https://registry.npmjs.org/filenamify cache-miss
38 silly fetch manifest find-cache-dir@^3.3.1
39 silly packumentCache full:https://registry.npmjs.org/find-cache-dir cache-miss
40 silly fetch manifest email-addresses@^5.0.0
41 silly packumentCache full:https://registry.npmjs.org/email-addresses cache-miss
42 http fetch GET 200 https://registry.npmjs.org/async 40ms (cache miss)
43 silly packumentCache full:https://registry.npmjs.org/async set size:undefined disposed:false
44 http fetch GET 200 https://registry.npmjs.org/globby 126ms (cache miss)
45 silly packumentCache full:https://registry.npmjs.org/globby set size:undefined disposed:false
46 http fetch GET 200 https://registry.npmjs.org/commander 136ms (cache miss)
47 silly packumentCache full:https://registry.npmjs.org/commander set size:undefined disposed:false
48 http fetch GET 200 https://registry.npmjs.org/find-cache-dir 141ms (cache miss)
49 silly packumentCache full:https://registry.npmjs.org/find-cache-dir set size:undefined disposed:false
50 http fetch GET 200 https://registry.npmjs.org/fs-extra 146ms (cache miss)
51 silly packumentCache full:https://registry.npmjs.org/fs-extra set size:undefined disposed:false
52 http fetch GET 200 https://registry.npmjs.org/email-addresses 385ms (cache miss)
53 silly packumentCache full:https://registry.npmjs.org/email-addresses set size:undefined disposed:false
54 http fetch GET 200 https://registry.npmjs.org/filenamify 947ms (cache miss)
55 silly packumentCache full:https://registry.npmjs.org/filenamify set size:undefined disposed:false
56 silly placeDep ROOT async@3.2.6 OK for: gh-pages@6.3.0 want: ^3.2.4
57 silly placeDep ROOT commander@13.1.0 OK for: gh-pages@6.3.0 want: ^13.0.0
58 silly placeDep ROOT email-addresses@5.0.0 OK for: gh-pages@6.3.0 want: ^5.0.0
59 silly placeDep ROOT filenamify@4.3.0 OK for: gh-pages@6.3.0 want: ^4.3.0
60 silly placeDep ROOT find-cache-dir@3.3.2 OK for: gh-pages@6.3.0 want: ^3.3.1
61 silly placeDep ROOT fs-extra@11.3.3 OK for: gh-pages@6.3.0 want: ^11.1.1
62 silly placeDep ROOT globby@11.1.0 OK for: gh-pages@6.3.0 want: ^11.1.0
63 silly fetch manifest strip-outer@^1.0.1
64 silly packumentCache full:https://registry.npmjs.org/strip-outer cache-miss
65 silly fetch manifest trim-repeated@^1.0.0
66 silly packumentCache full:https://registry.npmjs.org/trim-repeated cache-miss
67 silly fetch manifest filename-reserved-regex@^2.0.0
68 silly packumentCache full:https://registry.npmjs.org/filename-reserved-regex cache-miss
69 silly fetch manifest pkg-dir@^4.1.0
70 silly packumentCache full:https://registry.npmjs.org/pkg-dir cache-miss
71 silly fetch manifest make-dir@^3.0.2
72 silly packumentCache full:https://registry.npmjs.org/make-dir cache-miss
73 silly fetch manifest commondir@^1.0.1
74 silly packumentCache full:https://registry.npmjs.org/commondir cache-miss
75 silly fetch manifest jsonfile@^6.0.1
76 silly packumentCache full:https://registry.npmjs.org/jsonfile cache-miss
77 silly fetch manifest universalify@^2.0.0
78 silly packumentCache full:https://registry.npmjs.org/universalify cache-miss
79 silly fetch manifest slash@^3.0.0
80 silly packumentCache full:https://registry.npmjs.org/slash cache-miss
81 http fetch GET 200 https://registry.npmjs.org/trim-repeated 33ms (cache miss)
82 silly packumentCache full:https://registry.npmjs.org/trim-repeated set size:undefined disposed:false
83 silly fetch manifest ignore@^5.2.0
84 silly packumentCache full:https://registry.npmjs.org/ignore cache-miss
85 http fetch GET 200 https://registry.npmjs.org/make-dir 37ms (cache miss)
86 silly packumentCache full:https://registry.npmjs.org/make-dir set size:undefined disposed:false
87 silly fetch manifest merge2@^1.4.1
88 silly packumentCache full:https://registry.npmjs.org/merge2 cache-miss
89 http fetch GET 200 https://registry.npmjs.org/universalify 37ms (cache miss)
90 silly packumentCache full:https://registry.npmjs.org/universalify set size:undefined disposed:false
91 silly fetch manifest dir-glob@^3.0.1
92 silly packumentCache full:https://registry.npmjs.org/dir-glob cache-miss
93 http fetch GET 200 https://registry.npmjs.org/slash 72ms (cache miss)
94 silly packumentCache full:https://registry.npmjs.org/slash set size:undefined disposed:false
95 silly fetch manifest fast-glob@^3.2.9
96 silly packumentCache full:https://registry.npmjs.org/fast-glob cache-miss
97 http fetch GET 200 https://registry.npmjs.org/merge2 37ms (cache miss)
98 silly packumentCache full:https://registry.npmjs.org/merge2 set size:undefined disposed:false
99 silly fetch manifest array-union@^2.1.0
100 silly packumentCache full:https://registry.npmjs.org/array-union cache-miss
101 http fetch GET 200 https://registry.npmjs.org/fast-glob 41ms (cache miss)
102 silly packumentCache full:https://registry.npmjs.org/fast-glob set size:undefined disposed:false
103 http fetch GET 200 https://registry.npmjs.org/array-union 42ms (cache miss)
104 silly packumentCache full:https://registry.npmjs.org/array-union set size:undefined disposed:false
105 http fetch GET 200 https://registry.npmjs.org/jsonfile 117ms (cache miss)
106 silly packumentCache full:https://registry.npmjs.org/jsonfile set size:undefined disposed:false
107 http fetch GET 200 https://registry.npmjs.org/pkg-dir 303ms (cache miss)
108 silly packumentCache full:https://registry.npmjs.org/pkg-dir set size:undefined disposed:false
109 http fetch GET 200 https://registry.npmjs.org/filename-reserved-regex 327ms (cache miss)
110 silly packumentCache full:https://registry.npmjs.org/filename-reserved-regex set size:undefined disposed:false
111 http fetch GET 200 https://registry.npmjs.org/dir-glob 315ms (cache miss)
112 silly packumentCache full:https://registry.npmjs.org/dir-glob set size:undefined disposed:false
113 http fetch GET 200 https://registry.npmjs.org/ignore 331ms (cache miss)
114 silly packumentCache full:https://registry.npmjs.org/ignore set size:undefined disposed:false
115 http fetch GET 200 https://registry.npmjs.org/strip-outer 852ms (cache miss)
116 silly packumentCache full:https://registry.npmjs.org/strip-outer set size:undefined disposed:false
117 http fetch GET 200 https://registry.npmjs.org/commondir 897ms (cache miss)
118 silly packumentCache full:https://registry.npmjs.org/commondir set size:undefined disposed:false
119 silly placeDep ROOT filename-reserved-regex@2.0.0 OK for: filenamify@4.3.0 want: ^2.0.0
120 silly placeDep ROOT strip-outer@1.0.1 OK for: filenamify@4.3.0 want: ^1.0.1
121 silly placeDep ROOT trim-repeated@1.0.0 OK for: filenamify@4.3.0 want: ^1.0.0
122 silly fetch manifest escape-string-regexp@^1.0.2
123 silly packumentCache full:https://registry.npmjs.org/escape-string-regexp cache-miss
124 silly fetch manifest escape-string-regexp@^1.0.2
125 silly packumentCache full:https://registry.npmjs.org/escape-string-regexp cache-miss
126 http fetch GET 200 https://registry.npmjs.org/escape-string-regexp 24ms (cache miss)
127 silly packumentCache full:https://registry.npmjs.org/escape-string-regexp set size:undefined disposed:false
128 http fetch GET 200 https://registry.npmjs.org/escape-string-regexp 30ms (cache miss)
129 silly packumentCache full:https://registry.npmjs.org/escape-string-regexp set size:undefined disposed:false
130 silly placeDep ROOT commondir@1.0.1 OK for: find-cache-dir@3.3.2 want: ^1.0.1
131 silly placeDep ROOT make-dir@3.1.0 OK for: find-cache-dir@3.3.2 want: ^3.0.2
132 silly placeDep ROOT pkg-dir@4.2.0 OK for: find-cache-dir@3.3.2 want: ^4.1.0
133 silly fetch manifest semver@^6.0.0
134 silly packumentCache full:https://registry.npmjs.org/semver cache-miss
135 silly fetch manifest find-up@^4.0.0
136 silly packumentCache full:https://registry.npmjs.org/find-up cache-miss
137 http fetch GET 200 https://registry.npmjs.org/find-up 26ms (cache miss)
138 silly packumentCache full:https://registry.npmjs.org/find-up set size:undefined disposed:false
139 http fetch GET 200 https://registry.npmjs.org/semver 28ms (cache revalidated)
140 silly packumentCache full:https://registry.npmjs.org/semver set size:226907 disposed:false
141 silly placeDep ROOT jsonfile@6.2.0 OK for: fs-extra@11.3.3 want: ^6.0.1
142 silly placeDep ROOT universalify@2.0.1 OK for: fs-extra@11.3.3 want: ^2.0.0
143 silly placeDep ROOT array-union@2.1.0 OK for: globby@11.1.0 want: ^2.1.0
144 silly placeDep ROOT dir-glob@3.0.1 OK for: globby@11.1.0 want: ^3.0.1
145 silly placeDep ROOT fast-glob@3.3.3 OK for: globby@11.1.0 want: ^3.2.9
146 silly placeDep ROOT ignore@5.3.2 OK for: globby@11.1.0 want: ^5.2.0
147 silly placeDep ROOT merge2@1.4.1 OK for: globby@11.1.0 want: ^1.4.1
148 silly placeDep ROOT slash@3.0.0 OK for: globby@11.1.0 want: ^3.0.0
149 silly fetch manifest path-type@^4.0.0
150 silly packumentCache full:https://registry.npmjs.org/path-type cache-miss
151 silly fetch manifest @nodelib/fs.stat@^2.0.2
152 silly packumentCache full:https://registry.npmjs.org/@nodelib%2ffs.stat cache-miss
153 silly fetch manifest @nodelib/fs.walk@^1.2.3
154 silly packumentCache full:https://registry.npmjs.org/@nodelib%2ffs.walk cache-miss
155 silly fetch manifest glob-parent@^5.1.2
156 silly packumentCache full:https://registry.npmjs.org/glob-parent cache-miss
157 silly fetch manifest merge2@^1.3.0
158 silly packumentCache full:https://registry.npmjs.org/merge2 cache-miss
159 silly fetch manifest micromatch@^4.0.8
160 silly packumentCache full:https://registry.npmjs.org/micromatch cache-miss
161 http cache https://registry.npmjs.org/merge2 3ms (cache hit)
162 silly packumentCache full:https://registry.npmjs.org/merge2 set size:46159 disposed:false
163 http fetch GET 200 https://registry.npmjs.org/micromatch 37ms (cache miss)
164 silly packumentCache full:https://registry.npmjs.org/micromatch set size:undefined disposed:false
165 http fetch GET 200 https://registry.npmjs.org/path-type 46ms (cache miss)
166 silly packumentCache full:https://registry.npmjs.org/path-type set size:undefined disposed:false
167 http fetch GET 200 https://registry.npmjs.org/glob-parent 48ms (cache miss)
168 silly packumentCache full:https://registry.npmjs.org/glob-parent set size:undefined disposed:false
169 http fetch GET 200 https://registry.npmjs.org/@nodelib%2ffs.stat 312ms (cache miss)
170 silly packumentCache full:https://registry.npmjs.org/@nodelib%2ffs.stat set size:undefined disposed:false
171 http fetch GET 200 https://registry.npmjs.org/@nodelib%2ffs.walk 336ms (cache miss)
172 silly packumentCache full:https://registry.npmjs.org/@nodelib%2ffs.walk set size:undefined disposed:false
173 silly placeDep ROOT path-type@4.0.0 OK for: dir-glob@3.0.1 want: ^4.0.0
174 silly placeDep ROOT @nodelib/fs.stat@2.0.5 OK for: fast-glob@3.3.3 want: ^2.0.2
175 silly placeDep ROOT @nodelib/fs.walk@1.2.8 OK for: fast-glob@3.3.3 want: ^1.2.3
176 silly placeDep ROOT glob-parent@5.1.2 OK for: fast-glob@3.3.3 want: ^5.1.2
177 silly placeDep ROOT micromatch@4.0.8 OK for: fast-glob@3.3.3 want: ^4.0.8
178 silly fetch manifest fastq@^1.6.0
179 silly packumentCache full:https://registry.npmjs.org/fastq cache-miss
180 silly fetch manifest @nodelib/fs.scandir@2.1.5
181 silly packumentCache full:https://registry.npmjs.org/@nodelib%2ffs.scandir cache-miss
182 silly fetch manifest braces@^3.0.3
183 silly packumentCache full:https://registry.npmjs.org/braces cache-miss
184 silly fetch manifest picomatch@^2.3.1
185 silly packumentCache full:https://registry.npmjs.org/picomatch cache-miss
186 http fetch GET 200 https://registry.npmjs.org/picomatch 42ms (cache revalidated)
187 silly packumentCache full:https://registry.npmjs.org/picomatch set size:118818 disposed:false
188 http fetch GET 200 https://registry.npmjs.org/braces 45ms (cache miss)
189 silly packumentCache full:https://registry.npmjs.org/braces set size:undefined disposed:false
190 http fetch GET 200 https://registry.npmjs.org/fastq 48ms (cache miss)
191 silly packumentCache full:https://registry.npmjs.org/fastq set size:undefined disposed:false
192 http fetch GET 200 https://registry.npmjs.org/@nodelib%2ffs.scandir 54ms (cache miss)
193 silly packumentCache full:https://registry.npmjs.org/@nodelib%2ffs.scandir set size:undefined disposed:false
194 silly placeDep ROOT @nodelib/fs.scandir@2.1.5 OK for: @nodelib/fs.walk@1.2.8 want: 2.1.5
195 silly placeDep ROOT fastq@1.20.1 OK for: @nodelib/fs.walk@1.2.8 want: ^1.6.0
196 silly fetch manifest run-parallel@^1.1.9
197 silly packumentCache full:https://registry.npmjs.org/run-parallel cache-miss
198 silly fetch manifest reusify@^1.0.4
199 silly packumentCache full:https://registry.npmjs.org/reusify cache-miss
200 http fetch GET 200 https://registry.npmjs.org/reusify 29ms (cache miss)
201 silly packumentCache full:https://registry.npmjs.org/reusify set size:undefined disposed:false
202 http fetch GET 200 https://registry.npmjs.org/run-parallel 33ms (cache miss)
203 silly packumentCache full:https://registry.npmjs.org/run-parallel set size:undefined disposed:false
204 silly placeDep ROOT run-parallel@1.2.0 OK for: @nodelib/fs.scandir@2.1.5 want: ^1.1.9
205 silly fetch manifest queue-microtask@^1.2.2
206 silly packumentCache full:https://registry.npmjs.org/queue-microtask cache-miss
207 http fetch GET 200 https://registry.npmjs.org/queue-microtask 25ms (cache miss)
208 silly packumentCache full:https://registry.npmjs.org/queue-microtask set size:undefined disposed:false
209 silly placeDep ROOT reusify@1.1.0 OK for: fastq@1.20.1 want: ^1.0.4
210 silly placeDep node_modules/make-dir semver@6.3.1 OK for: make-dir@3.1.0 want: ^6.0.0
211 silly placeDep ROOT braces@3.0.3 OK for: micromatch@4.0.8 want: ^3.0.3
212 silly placeDep node_modules/micromatch picomatch@2.3.1 OK for: micromatch@4.0.8 want: ^2.3.1
213 silly fetch manifest fill-range@^7.1.1
214 silly packumentCache full:https://registry.npmjs.org/fill-range cache-miss
215 http fetch GET 200 https://registry.npmjs.org/fill-range 44ms (cache miss)
216 silly packumentCache full:https://registry.npmjs.org/fill-range set size:undefined disposed:false
217 silly placeDep ROOT fill-range@7.1.1 OK for: braces@3.0.3 want: ^7.1.1
218 silly fetch manifest to-regex-range@^5.0.1
219 silly packumentCache full:https://registry.npmjs.org/to-regex-range cache-miss
220 http fetch GET 200 https://registry.npmjs.org/to-regex-range 35ms (cache miss)
221 silly packumentCache full:https://registry.npmjs.org/to-regex-range set size:undefined disposed:false
222 silly placeDep ROOT to-regex-range@5.0.1 OK for: fill-range@7.1.1 want: ^5.0.1
223 silly fetch manifest is-number@^7.0.0
224 silly packumentCache full:https://registry.npmjs.org/is-number cache-miss
225 http fetch GET 200 https://registry.npmjs.org/is-number 42ms (cache miss)
226 silly packumentCache full:https://registry.npmjs.org/is-number set size:undefined disposed:false
227 silly placeDep ROOT find-up@4.1.0 OK for: pkg-dir@4.2.0 want: ^4.0.0
228 silly fetch manifest locate-path@^5.0.0
229 silly packumentCache full:https://registry.npmjs.org/locate-path cache-miss
230 silly fetch manifest path-exists@^4.0.0
231 silly packumentCache full:https://registry.npmjs.org/path-exists cache-miss
232 http fetch GET 200 https://registry.npmjs.org/path-exists 26ms (cache miss)
233 silly packumentCache full:https://registry.npmjs.org/path-exists set size:undefined disposed:false
234 http fetch GET 200 https://registry.npmjs.org/locate-path 43ms (cache miss)
235 silly packumentCache full:https://registry.npmjs.org/locate-path set size:undefined disposed:false
236 silly placeDep ROOT locate-path@5.0.0 OK for: find-up@4.1.0 want: ^5.0.0
237 silly placeDep ROOT path-exists@4.0.0 OK for: find-up@4.1.0 want: ^4.0.0
238 silly fetch manifest p-locate@^4.1.0
239 silly packumentCache full:https://registry.npmjs.org/p-locate cache-miss
240 http fetch GET 200 https://registry.npmjs.org/p-locate 29ms (cache miss)
241 silly packumentCache full:https://registry.npmjs.org/p-locate set size:undefined disposed:false
242 silly placeDep ROOT p-locate@4.1.0 OK for: locate-path@5.0.0 want: ^4.1.0
243 silly fetch manifest p-limit@^2.2.0
244 silly packumentCache full:https://registry.npmjs.org/p-limit cache-miss
245 http fetch GET 200 https://registry.npmjs.org/p-limit 42ms (cache miss)
246 silly packumentCache full:https://registry.npmjs.org/p-limit set size:undefined disposed:false
247 silly placeDep ROOT p-limit@2.3.0 OK for: p-locate@4.1.0 want: ^2.2.0
248 silly fetch manifest p-try@^2.0.0
249 silly packumentCache full:https://registry.npmjs.org/p-try cache-miss
250 http fetch GET 200 https://registry.npmjs.org/p-try 44ms (cache miss)
251 silly packumentCache full:https://registry.npmjs.org/p-try set size:undefined disposed:false
252 silly placeDep ROOT p-try@2.2.0 OK for: p-limit@2.3.0 want: ^2.0.0
253 silly placeDep ROOT queue-microtask@1.2.3 OK for: run-parallel@1.2.0 want: ^1.2.2
254 silly placeDep ROOT escape-string-regexp@1.0.5 OK for: strip-outer@1.0.1 want: ^1.0.2
255 silly placeDep ROOT is-number@7.0.0 OK for: to-regex-range@5.0.1 want: ^7.0.0
256 silly reify moves {}
257 silly audit bulk request {
257 silly audit   '@acemir/cssom': [ '0.9.31' ],
257 silly audit   '@algolia/abtesting': [ '1.6.1' ],
257 silly audit   '@algolia/client-abtesting': [ '5.40.1' ],
257 silly audit   '@algolia/client-analytics': [ '5.40.1' ],
257 silly audit   '@algolia/client-common': [ '5.40.1' ],
257 silly audit   '@algolia/client-insights': [ '5.40.1' ],
257 silly audit   '@algolia/client-personalization': [ '5.40.1' ],
257 silly audit   '@algolia/client-query-suggestions': [ '5.40.1' ],
257 silly audit   '@algolia/client-search': [ '5.40.1' ],
257 silly audit   '@algolia/ingestion': [ '1.40.1' ],
257 silly audit   '@algolia/monitoring': [ '1.40.1' ],
257 silly audit   '@algolia/recommend': [ '5.40.1' ],
257 silly audit   '@algolia/requester-browser-xhr': [ '5.40.1' ],
257 silly audit   '@algolia/requester-fetch': [ '5.40.1' ],
257 silly audit   '@algolia/requester-node-http': [ '5.40.1' ],
257 silly audit   '@ampproject/remapping': [ '2.3.0' ],
257 silly audit   '@angular-devkit/architect': [ '0.2100.5' ],
257 silly audit   '@angular-devkit/core': [ '21.0.5' ],
257 silly audit   '@angular-devkit/schematics': [ '21.0.5' ],
257 silly audit   '@angular/build': [ '21.0.5' ],
257 silly audit   '@inquirer/confirm': [ '5.1.19', '5.1.21' ],
257 silly audit   '@angular/cli': [ '21.0.5' ],
257 silly audit   '@angular/common': [ '21.0.8' ],
257 silly audit   '@angular/compiler': [ '21.0.8' ],
257 silly audit   '@angular/compiler-cli': [ '21.0.8' ],
257 silly audit   '@angular/core': [ '21.0.8' ],
257 silly audit   '@angular/forms': [ '21.0.8' ],
257 silly audit   '@angular/platform-browser': [ '21.0.8' ],
257 silly audit   '@angular/router': [ '21.0.8' ],
257 silly audit   '@asamuzakjp/css-color': [ '4.1.1' ],
257 silly audit   '@asamuzakjp/dom-selector': [ '6.7.6' ],
257 silly audit   '@asamuzakjp/nwsapi': [ '2.3.9' ],
257 silly audit   '@babel/code-frame': [ '7.28.6' ],
257 silly audit   '@babel/compat-data': [ '7.28.6' ],
257 silly audit   '@babel/core': [ '7.28.4' ],
257 silly audit   'convert-source-map': [ '2.0.0', '1.9.0' ],
257 silly audit   semver: [ '6.3.1', '7.7.3' ],
257 silly audit   '@babel/generator': [ '7.28.6' ],
257 silly audit   '@babel/helper-annotate-as-pure': [ '7.27.3' ],
257 silly audit   '@babel/helper-compilation-targets': [ '7.28.6' ],
257 silly audit   'lru-cache': [ '5.1.1', '11.2.4' ],
257 silly audit   yallist: [ '3.1.1', '4.0.0', '5.0.0' ],
257 silly audit   '@babel/helper-globals': [ '7.28.0' ],
257 silly audit   '@babel/helper-module-imports': [ '7.28.6' ],
257 silly audit   '@babel/helper-module-transforms': [ '7.28.6' ],
257 silly audit   '@babel/helper-split-export-declaration': [ '7.24.7' ],
257 silly audit   '@babel/helper-string-parser': [ '7.27.1' ],
257 silly audit   '@babel/helper-validator-identifier': [ '7.28.5' ],
257 silly audit   '@babel/helper-validator-option': [ '7.27.1' ],
257 silly audit   '@babel/helpers': [ '7.28.6' ],
257 silly audit   '@babel/parser': [ '7.28.6' ],
257 silly audit   '@babel/template': [ '7.28.6' ],
257 silly audit   '@babel/traverse': [ '7.28.6' ],
257 silly audit   '@babel/types': [ '7.28.6' ],
257 silly audit   '@csstools/color-helpers': [ '5.1.0' ],
257 silly audit   '@csstools/css-calc': [ '2.1.4' ],
257 silly audit   '@csstools/css-color-parser': [ '3.1.0' ],
257 silly audit   '@csstools/css-parser-algorithms': [ '3.0.5' ],
257 silly audit   '@csstools/css-syntax-patches-for-csstree': [ '1.0.25' ],
257 silly audit   '@csstools/css-tokenizer': [ '3.0.4' ],
257 silly audit   '@emnapi/core': [ '1.8.1' ],
257 silly audit   '@emnapi/runtime': [ '1.8.1' ],
257 silly audit   '@emnapi/wasi-threads': [ '1.1.0' ],
257 silly audit   '@esbuild/aix-ppc64': [ '0.26.0', '0.25.12' ],
257 silly audit   '@esbuild/android-arm': [ '0.26.0', '0.25.12' ],
257 silly audit   '@esbuild/android-arm64': [ '0.26.0', '0.25.12' ],
257 silly audit   '@esbuild/android-x64': [ '0.26.0', '0.25.12' ],
257 silly audit   '@esbuild/darwin-arm64': [ '0.26.0', '0.25.12' ],
257 silly audit   '@esbuild/darwin-x64': [ '0.26.0', '0.25.12' ],
257 silly audit   '@esbuild/freebsd-arm64': [ '0.26.0', '0.25.12' ],
257 silly audit   '@esbuild/freebsd-x64': [ '0.26.0', '0.25.12' ],
257 silly audit   '@esbuild/linux-arm': [ '0.26.0', '0.25.12' ],
257 silly audit   '@esbuild/linux-arm64': [ '0.26.0', '0.25.12' ],
257 silly audit   '@esbuild/linux-ia32': [ '0.26.0', '0.25.12' ],
257 silly audit   '@esbuild/linux-loong64': [ '0.26.0', '0.25.12' ],
257 silly audit   '@esbuild/linux-mips64el': [ '0.26.0', '0.25.12' ],
257 silly audit   '@esbuild/linux-ppc64': [ '0.26.0', '0.25.12' ],
257 silly audit   '@esbuild/linux-riscv64': [ '0.26.0', '0.25.12' ],
257 silly audit   '@esbuild/linux-s390x': [ '0.26.0', '0.25.12' ],
257 silly audit   '@esbuild/linux-x64': [ '0.26.0', '0.25.12' ],
257 silly audit   '@esbuild/netbsd-arm64': [ '0.26.0', '0.25.12' ],
257 silly audit   '@esbuild/netbsd-x64': [ '0.26.0', '0.25.12' ],
257 silly audit   '@esbuild/openbsd-arm64': [ '0.26.0', '0.25.12' ],
257 silly audit   '@esbuild/openbsd-x64': [ '0.26.0', '0.25.12' ],
257 silly audit   '@esbuild/openharmony-arm64': [ '0.26.0', '0.25.12' ],
257 silly audit   '@esbuild/sunos-x64': [ '0.26.0', '0.25.12' ],
257 silly audit   '@esbuild/win32-arm64': [ '0.26.0', '0.25.12' ],
257 silly audit   '@esbuild/win32-ia32': [ '0.26.0', '0.25.12' ],
257 silly audit   '@esbuild/win32-x64': [ '0.26.0', '0.25.12' ],
257 silly audit   '@exodus/bytes': [ '1.8.0' ],
257 silly audit   '@hono/node-server': [ '1.19.9' ],
257 silly audit   '@inquirer/ansi': [ '1.0.2' ],
257 silly audit   '@inquirer/checkbox': [ '4.3.2' ],
257 silly audit   '@inquirer/core': [ '10.3.2' ],
257 silly audit   '@inquirer/editor': [ '4.2.23' ],
257 silly audit   '@inquirer/expand': [ '4.0.23' ],
257 silly audit   '@inquirer/external-editor': [ '1.0.3' ],
257 silly audit   '@inquirer/figures': [ '1.0.15' ],
257 silly audit   '@inquirer/input': [ '4.3.1' ],
257 silly audit   '@inquirer/number': [ '3.0.23' ],
257 silly audit   '@inquirer/password': [ '4.0.23' ],
257 silly audit   '@inquirer/prompts': [ '7.9.0' ],
257 silly audit   '@inquirer/rawlist': [ '4.1.11' ],
257 silly audit   '@inquirer/search': [ '3.2.2' ],
257 silly audit   '@inquirer/select': [ '4.4.2' ],
257 silly audit   '@inquirer/type': [ '3.0.10' ],
257 silly audit   '@isaacs/balanced-match': [ '4.0.1' ],
257 silly audit   '@isaacs/brace-expansion': [ '5.0.0' ],
257 silly audit   '@isaacs/fs-minipass': [ '4.0.1' ],
257 silly audit   '@istanbuljs/schema': [ '0.1.3' ],
257 silly audit   '@jridgewell/gen-mapping': [ '0.3.13' ],
257 silly audit   '@jridgewell/remapping': [ '2.3.5' ],
257 silly audit   '@jridgewell/resolve-uri': [ '3.1.2' ],
257 silly audit   '@jridgewell/sourcemap-codec': [ '1.5.5' ],
257 silly audit   '@jridgewell/trace-mapping': [ '0.3.31' ],
257 silly audit   '@listr2/prompt-adapter-inquirer': [ '3.0.5' ],
257 silly audit   '@lmdb/lmdb-darwin-arm64': [ '3.4.3' ],
257 silly audit   '@lmdb/lmdb-darwin-x64': [ '3.4.3' ],
257 silly audit   '@lmdb/lmdb-linux-arm': [ '3.4.3' ],
257 silly audit   '@lmdb/lmdb-linux-arm64': [ '3.4.3' ],
257 silly audit   '@lmdb/lmdb-linux-x64': [ '3.4.3' ],
257 silly audit   '@lmdb/lmdb-win32-arm64': [ '3.4.3' ],
257 silly audit   '@lmdb/lmdb-win32-x64': [ '3.4.3' ],
257 silly audit   '@modelcontextprotocol/sdk': [ '1.25.2' ],
257 silly audit   '@msgpackr-extract/msgpackr-extract-darwin-arm64': [ '3.0.3' ],
257 silly audit   '@msgpackr-extract/msgpackr-extract-darwin-x64': [ '3.0.3' ],
257 silly audit   '@msgpackr-extract/msgpackr-extract-linux-arm': [ '3.0.3' ],
257 silly audit   '@msgpackr-extract/msgpackr-extract-linux-arm64': [ '3.0.3' ],
257 silly audit   '@msgpackr-extract/msgpackr-extract-linux-x64': [ '3.0.3' ],
257 silly audit   '@msgpackr-extract/msgpackr-extract-win32-x64': [ '3.0.3' ],
257 silly audit   '@napi-rs/nice': [ '1.1.1' ],
257 silly audit   '@napi-rs/nice-android-arm-eabi': [ '1.1.1' ],
257 silly audit   '@napi-rs/nice-android-arm64': [ '1.1.1' ],
257 silly audit   '@napi-rs/nice-darwin-arm64': [ '1.1.1' ],
257 silly audit   '@napi-rs/nice-darwin-x64': [ '1.1.1' ],
257 silly audit   '@napi-rs/nice-freebsd-x64': [ '1.1.1' ],
257 silly audit   '@napi-rs/nice-linux-arm-gnueabihf': [ '1.1.1' ],
257 silly audit   '@napi-rs/nice-linux-arm64-gnu': [ '1.1.1' ],
257 silly audit   '@napi-rs/nice-linux-arm64-musl': [ '1.1.1' ],
257 silly audit   '@napi-rs/nice-linux-ppc64-gnu': [ '1.1.1' ],
257 silly audit   '@napi-rs/nice-linux-riscv64-gnu': [ '1.1.1' ],
257 silly audit   '@napi-rs/nice-linux-s390x-gnu': [ '1.1.1' ],
257 silly audit   '@napi-rs/nice-linux-x64-gnu': [ '1.1.1' ],
257 silly audit   '@napi-rs/nice-linux-x64-musl': [ '1.1.1' ],
257 silly audit   '@napi-rs/nice-openharmony-arm64': [ '1.1.1' ],
257 silly audit   '@napi-rs/nice-win32-arm64-msvc': [ '1.1.1' ],
257 silly audit   '@napi-rs/nice-win32-ia32-msvc': [ '1.1.1' ],
257 silly audit   '@napi-rs/nice-win32-x64-msvc': [ '1.1.1' ],
257 silly audit   '@napi-rs/wasm-runtime': [ '1.1.1' ],
257 silly audit   '@npmcli/agent': [ '4.0.0' ],
257 silly audit   '@npmcli/fs': [ '5.0.0' ],
257 silly audit   '@npmcli/git': [ '7.0.1' ],
257 silly audit   '@npmcli/promise-spawn': [ '9.0.1', '8.0.3' ],
257 silly audit   ini: [ '6.0.0', '5.0.0' ],
257 silly audit   isexe: [ '3.1.1', '2.0.0' ],
257 silly audit   'proc-log': [ '6.1.0', '5.0.0' ],
257 silly audit   which: [ '6.0.0', '5.0.0', '2.0.2' ],
257 silly audit   '@npmcli/installed-package-contents': [ '3.0.0' ],
257 silly audit   '@npmcli/node-gyp': [ '5.0.0' ],
257 silly audit   '@npmcli/package-json': [ '7.0.4' ],
257 silly audit   '@npmcli/redact': [ '4.0.0' ],
257 silly audit   '@npmcli/run-script': [ '10.0.3' ],
257 silly audit   '@oxc-project/types': [ '0.96.0' ],
257 silly audit   '@parcel/watcher': [ '2.5.4' ],
257 silly audit   '@parcel/watcher-android-arm64': [ '2.5.4' ],
257 silly audit   '@parcel/watcher-darwin-arm64': [ '2.5.4' ],
257 silly audit   '@parcel/watcher-darwin-x64': [ '2.5.4' ],
257 silly audit   '@parcel/watcher-freebsd-x64': [ '2.5.4' ],
257 silly audit   '@parcel/watcher-linux-arm-glibc': [ '2.5.4' ],
257 silly audit   '@parcel/watcher-linux-arm-musl': [ '2.5.4' ],
257 silly audit   '@parcel/watcher-linux-arm64-glibc': [ '2.5.4' ],
257 silly audit   '@parcel/watcher-linux-arm64-musl': [ '2.5.4' ],
257 silly audit   '@parcel/watcher-linux-x64-glibc': [ '2.5.4' ],
257 silly audit   '@parcel/watcher-linux-x64-musl': [ '2.5.4' ],
257 silly audit   '@parcel/watcher-win32-arm64': [ '2.5.4' ],
257 silly audit   '@parcel/watcher-win32-ia32': [ '2.5.4' ],
257 silly audit   '@parcel/watcher-win32-x64': [ '2.5.4' ],
257 silly audit   'node-addon-api': [ '7.1.1', '6.1.0' ],
257 silly audit   '@rolldown/binding-android-arm64': [ '1.0.0-beta.47' ],
257 silly audit   '@rolldown/binding-darwin-arm64': [ '1.0.0-beta.47' ],
257 silly audit   '@rolldown/binding-darwin-x64': [ '1.0.0-beta.47' ],
257 silly audit   '@rolldown/binding-freebsd-x64': [ '1.0.0-beta.47' ],
257 silly audit   '@rolldown/binding-linux-arm-gnueabihf': [ '1.0.0-beta.47' ],
257 silly audit   '@rolldown/binding-linux-arm64-gnu': [ '1.0.0-beta.47' ],
257 silly audit   '@rolldown/binding-linux-arm64-musl': [ '1.0.0-beta.47' ],
257 silly audit   '@rolldown/binding-linux-x64-gnu': [ '1.0.0-beta.47' ],
257 silly audit   '@rolldown/binding-linux-x64-musl': [ '1.0.0-beta.47' ],
257 silly audit   '@rolldown/binding-openharmony-arm64': [ '1.0.0-beta.47' ],
257 silly audit   '@rolldown/binding-wasm32-wasi': [ '1.0.0-beta.47' ],
257 silly audit   '@rolldown/binding-win32-arm64-msvc': [ '1.0.0-beta.47' ],
257 silly audit   '@rolldown/binding-win32-ia32-msvc': [ '1.0.0-beta.47' ],
257 silly audit   '@rolldown/binding-win32-x64-msvc': [ '1.0.0-beta.47' ],
257 silly audit   '@rolldown/pluginutils': [ '1.0.0-beta.47' ],
257 silly audit   '@rollup/rollup-android-arm-eabi': [ '4.55.1' ],
257 silly audit   '@rollup/rollup-android-arm64': [ '4.55.1' ],
257 silly audit   '@rollup/rollup-darwin-arm64': [ '4.55.1' ],
257 silly audit   '@rollup/rollup-darwin-x64': [ '4.55.1' ],
257 silly audit   '@rollup/rollup-freebsd-arm64': [ '4.55.1' ],
257 silly audit   '@rollup/rollup-freebsd-x64': [ '4.55.1' ],
257 silly audit   '@rollup/rollup-linux-arm-gnueabihf': [ '4.55.1' ],
257 silly audit   '@rollup/rollup-linux-arm-musleabihf': [ '4.55.1' ],
257 silly audit   '@rollup/rollup-linux-arm64-gnu': [ '4.55.1' ],
257 silly audit   '@rollup/rollup-linux-arm64-musl': [ '4.55.1' ],
257 silly audit   '@rollup/rollup-linux-loong64-gnu': [ '4.55.1' ],
257 silly audit   '@rollup/rollup-linux-loong64-musl': [ '4.55.1' ],
257 silly audit   '@rollup/rollup-linux-ppc64-gnu': [ '4.55.1' ],
257 silly audit   '@rollup/rollup-linux-ppc64-musl': [ '4.55.1' ],
257 silly audit   '@rollup/rollup-linux-riscv64-gnu': [ '4.55.1' ],
257 silly audit   '@rollup/rollup-linux-riscv64-musl': [ '4.55.1' ],
257 silly audit   '@rollup/rollup-linux-s390x-gnu': [ '4.55.1' ],
257 silly audit   '@rollup/rollup-linux-x64-gnu': [ '4.55.1' ],
257 silly audit   '@rollup/rollup-linux-x64-musl': [ '4.55.1' ],
257 silly audit   '@rollup/rollup-openbsd-x64': [ '4.55.1' ],
257 silly audit   '@rollup/rollup-openharmony-arm64': [ '4.55.1' ],
257 silly audit   '@rollup/rollup-win32-arm64-msvc': [ '4.55.1' ],
257 silly audit   '@rollup/rollup-win32-ia32-msvc': [ '4.55.1' ],
257 silly audit   '@rollup/rollup-win32-x64-gnu': [ '4.55.1' ],
257 silly audit   '@rollup/rollup-win32-x64-msvc': [ '4.55.1' ],
257 silly audit   '@schematics/angular': [ '21.0.5' ],
257 silly audit   '@sigstore/bundle': [ '4.0.0' ],
257 silly audit   '@sigstore/core': [ '3.1.0' ],
257 silly audit   '@sigstore/protobuf-specs': [ '0.5.0' ],
257 silly audit   '@sigstore/sign': [ '4.1.0' ],
257 silly audit   '@sigstore/tuf': [ '4.0.1' ],
257 silly audit   '@sigstore/verify': [ '3.1.0' ],
257 silly audit   '@standard-schema/spec': [ '1.1.0' ],
257 silly audit   '@tufjs/canonical-json': [ '2.0.0' ],
257 silly audit   '@tufjs/models': [ '4.1.0' ],
257 silly audit   '@tybys/wasm-util': [ '0.10.1' ],
257 silly audit   '@types/chai': [ '5.2.3' ],
257 silly audit   '@types/deep-eql': [ '4.0.2' ],
257 silly audit   '@types/estree': [ '1.0.8' ],
257 silly audit   '@vitejs/plugin-basic-ssl': [ '2.1.0' ],
257 silly audit   '@vitest/expect': [ '4.0.17' ],
257 silly audit   '@vitest/mocker': [ '4.0.17' ],
257 silly audit   'magic-string': [ '0.30.21', '0.30.19' ],
257 silly audit   '@vitest/pretty-format': [ '4.0.17' ],
257 silly audit   '@vitest/runner': [ '4.0.17' ],
257 silly audit   '@vitest/snapshot': [ '4.0.17' ],
257 silly audit   '@vitest/spy': [ '4.0.17' ],
257 silly audit   '@vitest/utils': [ '4.0.17' ],
257 silly audit   '@yarnpkg/lockfile': [ '1.1.0' ],
257 silly audit   abbrev: [ '4.0.0' ],
257 silly audit   accepts: [ '2.0.0' ],
257 silly audit   'agent-base': [ '7.1.4' ],
257 silly audit   ajv: [ '8.17.1' ],
257 silly audit   'ajv-formats': [ '3.0.1' ],
257 silly audit   algoliasearch: [ '5.40.1' ],
257 silly audit   'ansi-escapes': [ '7.2.0' ],
257 silly audit   'ansi-regex': [ '6.2.2', '5.0.1' ],
257 silly audit   'ansi-styles': [ '6.2.3', '4.3.0' ],
257 silly audit   'assertion-error': [ '2.0.1' ],
257 silly audit   'baseline-browser-mapping': [ '2.9.14' ],
257 silly audit   beasties: [ '0.3.5' ],
257 silly audit   'bidi-js': [ '1.0.3' ],
257 silly audit   'body-parser': [ '2.2.2' ],
257 silly audit   boolbase: [ '1.0.0' ],
257 silly audit   browserslist: [ '4.28.1' ],
257 silly audit   'buffer-from': [ '1.1.2' ],
257 silly audit   bytes: [ '3.1.2' ],
257 silly audit   cacache: [ '20.0.3' ],
257 silly audit   ssri: [ '13.0.0', '12.0.0' ],
257 silly audit   'call-bind-apply-helpers': [ '1.0.2' ],
257 silly audit   'call-bound': [ '1.0.4' ],
257 silly audit   'caniuse-lite': [ '1.0.30001764' ],
257 silly audit   chai: [ '6.2.2' ],
257 silly audit   chalk: [ '5.6.2' ],
257 silly audit   chardet: [ '2.1.1' ],
257 silly audit   chokidar: [ '4.0.3' ],
257 silly audit   chownr: [ '3.0.0' ],
257 silly audit   'cli-cursor': [ '5.0.0' ],
257 silly audit   'cli-spinners': [ '3.4.0' ],
257 silly audit   'cli-truncate': [ '5.1.1' ],
257 silly audit   'cli-width': [ '4.1.0' ],
257 silly audit   cliui: [ '9.0.1' ],
257 silly audit   'string-width': [ '7.2.0', '8.1.0', '4.2.3' ],
257 silly audit   'wrap-ansi': [ '9.0.2', '6.2.0' ],
257 silly audit   'color-convert': [ '2.0.1' ],
257 silly audit   'color-name': [ '1.1.4' ],
257 silly audit   colorette: [ '2.0.20' ],
257 silly audit   'content-disposition': [ '1.0.1' ],
257 silly audit   'content-type': [ '1.0.5' ],
257 silly audit   cookie: [ '0.7.2' ],
257 silly audit   'cookie-signature': [ '1.2.2' ],
257 silly audit   cors: [ '2.8.5' ],
257 silly audit   'cross-spawn': [ '7.0.6' ],
257 silly audit   'css-select': [ '6.0.0' ],
257 silly audit   'css-tree': [ '3.1.0' ],
257 silly audit   'css-what': [ '7.0.0' ],
257 silly audit   cssstyle: [ '5.3.7' ],
257 silly audit   'data-urls': [ '6.0.0' ],
257 silly audit   debug: [ '4.4.3' ],
257 silly audit   'decimal.js': [ '10.6.0' ],
257 silly audit   depd: [ '2.0.0' ],
257 silly audit   'detect-libc': [ '2.1.2' ],
257 silly audit   'dom-serializer': [ '2.0.0' ],
257 silly audit   entities: [ '4.5.0', '6.0.1' ],
257 silly audit   domelementtype: [ '2.3.0' ],
257 silly audit   domhandler: [ '5.0.3' ],
257 silly audit   domutils: [ '3.2.2' ],
257 silly audit   'dunder-proto': [ '1.0.1' ],
257 silly audit   'ee-first': [ '1.1.1' ],
257 silly audit   'electron-to-chromium': [ '1.5.267' ],
257 silly audit   'emoji-regex': [ '10.6.0', '8.0.0' ],
257 silly audit   encodeurl: [ '2.0.0' ],
257 silly audit   encoding: [ '0.1.13' ],
257 silly audit   'iconv-lite': [ '0.6.3', '0.7.2' ],
257 silly audit   'env-paths': [ '2.2.1' ],
257 silly audit   environment: [ '1.1.0' ],
257 silly audit   'err-code': [ '2.0.3' ],
257 silly audit   'es-define-property': [ '1.0.1' ],
257 silly audit   'es-errors': [ '1.3.0' ],
257 silly audit   'es-module-lexer': [ '1.7.0' ],
257 silly audit   'es-object-atoms': [ '1.1.1' ],
257 silly audit   esbuild: [ '0.26.0', '0.25.12' ],
257 silly audit   escalade: [ '3.2.0' ],
257 silly audit   'escape-html': [ '1.0.3' ],
257 silly audit   'estree-walker': [ '3.0.3' ],
257 silly audit   etag: [ '1.8.1' ],
257 silly audit   eventemitter3: [ '5.0.1' ],
257 silly audit   eventsource: [ '3.0.7' ],
257 silly audit   'eventsource-parser': [ '3.0.6' ],
257 silly audit   'expect-type': [ '1.3.0' ],
257 silly audit   'exponential-backoff': [ '3.1.3' ],
257 silly audit   express: [ '5.2.1' ],
257 silly audit   'express-rate-limit': [ '7.5.1' ],
257 silly audit   'fast-deep-equal': [ '3.1.3' ],
257 silly audit   'fast-uri': [ '3.1.0' ],
257 silly audit   fdir: [ '6.5.0' ],
257 silly audit   finalhandler: [ '2.1.1' ],
257 silly audit   forwarded: [ '0.2.0' ],
257 silly audit   fresh: [ '2.0.0' ],
257 silly audit   'fs-minipass': [ '3.0.3' ],
257 silly audit   fsevents: [ '2.3.3' ],
257 silly audit   'function-bind': [ '1.1.2' ],
257 silly audit   gensync: [ '1.0.0-beta.2' ],
257 silly audit   'get-caller-file': [ '2.0.5' ],
257 silly audit   'get-east-asian-width': [ '1.4.0' ],
257 silly audit   'get-intrinsic': [ '1.3.0' ],
257 silly audit   'get-proto': [ '1.0.1' ],
257 silly audit   glob: [ '13.0.0' ],
257 silly audit   'glob-to-regexp': [ '0.4.1' ],
257 silly audit   gopd: [ '1.2.0' ],
257 silly audit   'graceful-fs': [ '4.2.11' ],
257 silly audit   'has-symbols': [ '1.1.0' ],
257 silly audit   hasown: [ '2.0.2' ],
257 silly audit   hono: [ '4.11.4' ],
257 silly audit   'hosted-git-info': [ '9.0.2' ],
257 silly audit   'html-encoding-sniffer': [ '6.0.0' ],
257 silly audit   htmlparser2: [ '10.0.0' ],
257 silly audit   'http-cache-semantics': [ '4.2.0' ],
257 silly audit   'http-errors': [ '2.0.1' ],
257 silly audit   'http-proxy-agent': [ '7.0.2' ],
257 silly audit   'https-proxy-agent': [ '7.0.6' ],
257 silly audit   'ignore-walk': [ '8.0.0' ],
257 silly audit   immutable: [ '5.1.4' ],
257 silly audit   imurmurhash: [ '0.1.4' ],
257 silly audit   inherits: [ '2.0.4' ],
257 silly audit   'ip-address': [ '10.1.0' ],
257 silly audit   'ipaddr.js': [ '1.9.1' ],
257 silly audit   'is-core-module': [ '2.16.1' ],
257 silly audit   'is-extglob': [ '2.1.1' ],
257 silly audit   'is-fullwidth-code-point': [ '5.1.0', '3.0.0' ],
257 silly audit   'is-glob': [ '4.0.3' ],
257 silly audit   'is-interactive': [ '2.0.0' ],
257 silly audit   'is-potential-custom-element-name': [ '1.0.1' ],
257 silly audit   'is-promise': [ '4.0.0' ],
257 silly audit   'is-unicode-supported': [ '2.1.0' ],
257 silly audit   'istanbul-lib-coverage': [ '3.2.2' ],
257 silly audit   'istanbul-lib-instrument': [ '6.0.3' ],
257 silly audit   jose: [ '6.1.3' ],
257 silly audit   'js-tokens': [ '4.0.0' ],
257 silly audit   jsdom: [ '27.4.0' ],
257 silly audit   jsesc: [ '3.1.0' ],
257 silly audit   'json-parse-even-better-errors': [ '5.0.0' ],
257 silly audit   'json-schema-traverse': [ '1.0.0' ],
257 silly audit   'json-schema-typed': [ '8.0.2' ],
257 silly audit   json5: [ '2.2.3' ],
257 silly audit   'jsonc-parser': [ '3.3.1' ],
257 silly audit   jsonparse: [ '1.3.1' ],
257 silly audit   listr2: [ '9.0.5' ],
257 silly audit   lmdb: [ '3.4.3' ],
257 silly audit   'log-symbols': [ '7.0.1' ],
257 silly audit   'log-update': [ '6.1.0' ],
257 silly audit   'make-fetch-happen': [ '15.0.3' ],
257 silly audit   'math-intrinsics': [ '1.1.0' ],
257 silly audit   'mdn-data': [ '2.12.2' ],
257 silly audit   'media-typer': [ '1.1.0' ],
257 silly audit   'merge-descriptors': [ '2.0.0' ],
257 silly audit   'mime-db': [ '1.54.0' ],
257 silly audit   'mime-types': [ '3.0.2' ],
257 silly audit   'mimic-function': [ '5.0.1' ],
257 silly audit   minimatch: [ '10.1.1' ],
257 silly audit   minipass: [ '7.1.2', '3.3.6' ],
257 silly audit   'minipass-collect': [ '2.0.1' ],
257 silly audit   'minipass-fetch': [ '5.0.0' ],
257 silly audit   'minipass-flush': [ '1.0.5' ],
257 silly audit   'minipass-pipeline': [ '1.2.4' ],
257 silly audit   'minipass-sized': [ '1.0.3' ],
257 silly audit   minizlib: [ '3.1.0' ],
257 silly audit   mrmime: [ '2.0.1' ],
257 silly audit   ms: [ '2.1.3' ],
257 silly audit   msgpackr: [ '1.11.8' ],
257 silly audit   'msgpackr-extract': [ '3.0.3' ],
257 silly audit   'mute-stream': [ '2.0.0' ],
257 silly audit   nanoid: [ '3.3.11' ],
257 silly audit   negotiator: [ '1.0.0' ],
257 silly audit   'node-gyp': [ '12.1.0' ],
257 silly audit   'node-gyp-build-optional-packages': [ '5.2.2' ],
257 silly audit   'node-releases': [ '2.0.27' ],
257 silly audit   nopt: [ '9.0.0' ],
257 silly audit   'npm-bundled': [ '4.0.0' ],
257 silly audit   'npm-install-checks': [ '8.0.0' ],
257 silly audit   'npm-normalize-package-bin': [ '4.0.0', '5.0.0' ],
257 silly audit   'npm-package-arg': [ '13.0.1' ],
257 silly audit   'npm-packlist': [ '10.0.3' ],
257 silly audit   'npm-pick-manifest': [ '11.0.3' ],
257 silly audit   'npm-registry-fetch': [ '19.1.1' ],
257 silly audit   'nth-check': [ '2.1.1' ],
257 silly audit   'object-assign': [ '4.1.1' ],
257 silly audit   'object-inspect': [ '1.13.4' ],
257 silly audit   obug: [ '2.1.1' ],
257 silly audit   'on-finished': [ '2.4.1' ],
257 silly audit   once: [ '1.4.0' ],
257 silly audit   onetime: [ '7.0.0' ],
257 silly audit   ora: [ '9.0.0' ],
257 silly audit   'ordered-binary': [ '1.6.1' ],
257 silly audit   'p-map': [ '7.0.4' ],
257 silly audit   pacote: [ '21.0.3' ],
257 silly audit   parse5: [ '8.0.0' ],
257 silly audit   'parse5-html-rewriting-stream': [ '8.0.0' ],
257 silly audit   'parse5-sax-parser': [ '8.0.0' ],
257 silly audit   parseurl: [ '1.3.3' ],
257 silly audit   'path-key': [ '3.1.1' ],
257 silly audit   'path-parse': [ '1.0.7' ],
257 silly audit   'path-scurry': [ '2.0.1' ],
257 silly audit   'path-to-regexp': [ '8.3.0' ],
257 silly audit   pathe: [ '2.0.3' ],
257 silly audit   picocolors: [ '1.1.1' ],
257 silly audit   picomatch: [ '4.0.3', '2.3.1' ],
257 silly audit   piscina: [ '5.1.3' ],
257 silly audit   'pkce-challenge': [ '5.0.1' ],
257 silly audit   postcss: [ '8.5.6' ],
257 silly audit   'postcss-media-query-parser': [ '0.2.3' ],
257 silly audit   'promise-retry': [ '2.0.1' ],
257 silly audit   'proxy-addr': [ '2.0.7' ],
257 silly audit   punycode: [ '2.3.1' ],
257 silly audit   qs: [ '6.14.1' ],
257 silly audit   'range-parser': [ '1.2.1' ],
257 silly audit   'raw-body': [ '3.0.2' ],
257 silly audit   readdirp: [ '4.1.2' ],
257 silly audit   'reflect-metadata': [ '0.2.2' ],
257 silly audit   'require-from-string': [ '2.0.2' ],
257 silly audit   resolve: [ '1.22.11' ],
257 silly audit   'restore-cursor': [ '5.1.0' ],
257 silly audit   retry: [ '0.12.0' ],
257 silly audit   rfdc: [ '1.4.1' ],
257 silly audit   rolldown: [ '1.0.0-beta.47' ],
257 silly audit   rollup: [ '4.55.1' ],
257 silly audit   router: [ '2.2.0' ],
257 silly audit   rxjs: [ '7.8.2' ],
257 silly audit   'safer-buffer': [ '2.1.2' ],
257 silly audit   sass: [ '1.93.2' ],
257 silly audit   saxes: [ '6.0.0' ],
257 silly audit   send: [ '1.2.1' ],
257 silly audit   'serve-static': [ '2.2.1' ],
257 silly audit   setprototypeof: [ '1.2.0' ],
257 silly audit   'shebang-command': [ '2.0.0' ],
257 silly audit   'shebang-regex': [ '3.0.0' ],
257 silly audit   'side-channel': [ '1.1.0' ],
257 silly audit   'side-channel-list': [ '1.0.0' ],
257 silly audit   'side-channel-map': [ '1.0.1' ],
257 silly audit   'side-channel-weakmap': [ '1.0.2' ],
257 silly audit   siginfo: [ '2.0.0' ],
257 silly audit   'signal-exit': [ '4.1.0' ],
257 silly audit   sigstore: [ '4.1.0' ],
257 silly audit   'slice-ansi': [ '7.1.2' ],
257 silly audit   'smart-buffer': [ '4.2.0' ],
257 silly audit   socks: [ '2.8.7' ],
257 silly audit   'socks-proxy-agent': [ '8.0.5' ],
257 silly audit   'source-map': [ '0.7.6', '0.6.1' ],
257 silly audit   'source-map-js': [ '1.2.1' ],
257 silly audit   'source-map-support': [ '0.5.21' ],
257 silly audit   'spdx-correct': [ '3.2.0' ],
257 silly audit   'spdx-exceptions': [ '2.5.0' ],
257 silly audit   'spdx-expression-parse': [ '3.0.1' ],
257 silly audit   'spdx-license-ids': [ '3.0.22' ],
257 silly audit   stackback: [ '0.0.2' ],
257 silly audit   statuses: [ '2.0.2' ],
257 silly audit   'std-env': [ '3.10.0' ],
257 silly audit   'stdin-discarder': [ '0.2.2' ],
257 silly audit   'strip-ansi': [ '7.1.2', '6.0.1' ],
257 silly audit   'supports-preserve-symlinks-flag': [ '1.0.0' ],
257 silly audit   'symbol-tree': [ '3.2.4' ],
257 silly audit   tar: [ '7.5.2' ],
257 silly audit   tinybench: [ '2.9.0' ],
257 silly audit   tinyexec: [ '1.0.2' ],
257 silly audit   tinyglobby: [ '0.2.15' ],
257 silly audit   tinyrainbow: [ '3.0.3' ],
257 silly audit   tldts: [ '7.0.19' ],
257 silly audit   'tldts-core': [ '7.0.19' ],
257 silly audit   toidentifier: [ '1.0.1' ],
257 silly audit   'tough-cookie': [ '6.0.0' ],
257 silly audit   tr46: [ '6.0.0' ],
257 silly audit   tslib: [ '2.8.1' ],
257 silly audit   'tuf-js': [ '4.1.0' ],
257 silly audit   'type-is': [ '2.0.1' ],
257 silly audit   typescript: [ '5.9.3' ],
257 silly audit   undici: [ '7.16.0' ],
257 silly audit   'unique-filename': [ '5.0.0' ],
257 silly audit   'unique-slug': [ '6.0.0' ],
257 silly audit   unpipe: [ '1.0.0' ],
257 silly audit   'update-browserslist-db': [ '1.2.3' ],
257 silly audit   'validate-npm-package-license': [ '3.0.4' ],
257 silly audit   'validate-npm-package-name': [ '6.0.2' ],
257 silly audit   vary: [ '1.1.2' ],
257 silly audit   vite: [ '7.2.2' ],
257 silly audit   vitest: [ '4.0.17' ],
257 silly audit   'w3c-xmlserializer': [ '5.0.0' ],
257 silly audit   watchpack: [ '2.4.4' ],
257 silly audit   'weak-lru-cache': [ '1.2.2' ],
257 silly audit   'webidl-conversions': [ '8.0.1' ],
257 silly audit   'whatwg-mimetype': [ '4.0.0' ],
257 silly audit   'whatwg-url': [ '15.1.0' ],
257 silly audit   'why-is-node-running': [ '2.3.0' ],
257 silly audit   wrappy: [ '1.0.2' ],
257 silly audit   ws: [ '8.19.0' ],
257 silly audit   'xml-name-validator': [ '5.0.0' ],
257 silly audit   xmlchars: [ '2.2.0' ],
257 silly audit   y18n: [ '5.0.8' ],
257 silly audit   yargs: [ '18.0.0' ],
257 silly audit   'yargs-parser': [ '22.0.0' ],
257 silly audit   yoctocolors: [ '2.1.2' ],
257 silly audit   'yoctocolors-cjs': [ '2.1.3' ],
257 silly audit   zod: [ '4.1.13' ],
257 silly audit   'zod-to-json-schema': [ '3.25.1' ],
257 silly audit   'angular-cli-ghpages': [ '3.0.2' ],
257 silly audit   'gh-pages': [ '6.3.0' ],
257 silly audit   async: [ '3.2.6' ],
257 silly audit   commander: [ '13.1.0' ],
257 silly audit   'email-addresses': [ '5.0.0' ],
257 silly audit   filenamify: [ '4.3.0' ],
257 silly audit   'find-cache-dir': [ '3.3.2' ],
257 silly audit   'fs-extra': [ '11.3.3' ],
257 silly audit   globby: [ '11.1.0' ],
257 silly audit   'filename-reserved-regex': [ '2.0.0' ],
257 silly audit   'strip-outer': [ '1.0.1' ],
257 silly audit   'trim-repeated': [ '1.0.0' ],
257 silly audit   commondir: [ '1.0.1' ],
257 silly audit   'make-dir': [ '3.1.0' ],
257 silly audit   'pkg-dir': [ '4.2.0' ],
257 silly audit   jsonfile: [ '6.2.0' ],
257 silly audit   universalify: [ '2.0.1' ],
257 silly audit   'array-union': [ '2.1.0' ],
257 silly audit   'dir-glob': [ '3.0.1' ],
257 silly audit   'fast-glob': [ '3.3.3' ],
257 silly audit   ignore: [ '5.3.2' ],
257 silly audit   merge2: [ '1.4.1' ],
257 silly audit   slash: [ '3.0.0' ],
257 silly audit   'path-type': [ '4.0.0' ],
257 silly audit   '@nodelib/fs.stat': [ '2.0.5' ],
257 silly audit   '@nodelib/fs.walk': [ '1.2.8' ],
257 silly audit   'glob-parent': [ '5.1.2' ],
257 silly audit   micromatch: [ '4.0.8' ],
257 silly audit   '@nodelib/fs.scandir': [ '2.1.5' ],
257 silly audit   fastq: [ '1.20.1' ],
257 silly audit   'run-parallel': [ '1.2.0' ],
257 silly audit   reusify: [ '1.1.0' ],
257 silly audit   braces: [ '3.0.3' ],
257 silly audit   'fill-range': [ '7.1.1' ],
257 silly audit   'to-regex-range': [ '5.0.1' ],
257 silly audit   'find-up': [ '4.1.0' ],
257 silly audit   'locate-path': [ '5.0.0' ],
257 silly audit   'path-exists': [ '4.0.0' ],
257 silly audit   'p-locate': [ '4.1.0' ],
257 silly audit   'p-limit': [ '2.3.0' ],
257 silly audit   'p-try': [ '2.2.0' ],
257 silly audit   'queue-microtask': [ '1.2.3' ],
257 silly audit   'escape-string-regexp': [ '1.0.5' ],
257 silly audit   'is-number': [ '7.0.0' ]
257 silly audit }
258 http cache escape-string-regexp@https://registry.npmjs.org/escape-string-regexp/-/escape-string-regexp-1.0.5.tgz 0ms (cache hit)
259 http cache queue-microtask@https://registry.npmjs.org/queue-microtask/-/queue-microtask-1.2.3.tgz 0ms (cache hit)
260 http cache p-try@https://registry.npmjs.org/p-try/-/p-try-2.2.0.tgz 0ms (cache hit)
261 http cache p-limit@https://registry.npmjs.org/p-limit/-/p-limit-2.3.0.tgz 0ms (cache hit)
262 http cache is-number@https://registry.npmjs.org/is-number/-/is-number-7.0.0.tgz 0ms (cache hit)
263 http cache p-locate@https://registry.npmjs.org/p-locate/-/p-locate-4.1.0.tgz 0ms (cache hit)
264 http cache locate-path@https://registry.npmjs.org/locate-path/-/locate-path-5.0.0.tgz 0ms (cache hit)
265 http cache find-up@https://registry.npmjs.org/find-up/-/find-up-4.1.0.tgz 0ms (cache hit)
266 http cache path-exists@https://registry.npmjs.org/path-exists/-/path-exists-4.0.0.tgz 0ms (cache hit)
267 http cache fill-range@https://registry.npmjs.org/fill-range/-/fill-range-7.1.1.tgz 0ms (cache hit)
268 http cache to-regex-range@https://registry.npmjs.org/to-regex-range/-/to-regex-range-5.0.1.tgz 0ms (cache hit)
269 http cache braces@https://registry.npmjs.org/braces/-/braces-3.0.3.tgz 0ms (cache hit)
270 http cache run-parallel@https://registry.npmjs.org/run-parallel/-/run-parallel-1.2.0.tgz 0ms (cache hit)
271 http cache reusify@https://registry.npmjs.org/reusify/-/reusify-1.1.0.tgz 0ms (cache hit)
272 http cache fastq@https://registry.npmjs.org/fastq/-/fastq-1.20.1.tgz 0ms (cache hit)
273 http cache @nodelib/fs.scandir@https://registry.npmjs.org/@nodelib/fs.scandir/-/fs.scandir-2.1.5.tgz 0ms (cache hit)
274 http cache micromatch@https://registry.npmjs.org/micromatch/-/micromatch-4.0.8.tgz 0ms (cache hit)
275 http cache path-type@https://registry.npmjs.org/path-type/-/path-type-4.0.0.tgz 0ms (cache hit)
276 http cache @nodelib/fs.walk@https://registry.npmjs.org/@nodelib/fs.walk/-/fs.walk-1.2.8.tgz 0ms (cache hit)
277 http cache slash@https://registry.npmjs.org/slash/-/slash-3.0.0.tgz 0ms (cache hit)
278 http cache @nodelib/fs.stat@https://registry.npmjs.org/@nodelib/fs.stat/-/fs.stat-2.0.5.tgz 0ms (cache hit)
279 http cache merge2@https://registry.npmjs.org/merge2/-/merge2-1.4.1.tgz 0ms (cache hit)
280 http cache ignore@https://registry.npmjs.org/ignore/-/ignore-5.3.2.tgz 0ms (cache hit)
281 http cache dir-glob@https://registry.npmjs.org/dir-glob/-/dir-glob-3.0.1.tgz 0ms (cache hit)
282 http cache array-union@https://registry.npmjs.org/array-union/-/array-union-2.1.0.tgz 0ms (cache hit)
283 http cache fast-glob@https://registry.npmjs.org/fast-glob/-/fast-glob-3.3.3.tgz 0ms (cache hit)
284 http cache jsonfile@https://registry.npmjs.org/jsonfile/-/jsonfile-6.2.0.tgz 0ms (cache hit)
285 http cache universalify@https://registry.npmjs.org/universalify/-/universalify-2.0.1.tgz 0ms (cache hit)
286 http cache make-dir@https://registry.npmjs.org/make-dir/-/make-dir-3.1.0.tgz 0ms (cache hit)
287 http cache pkg-dir@https://registry.npmjs.org/pkg-dir/-/pkg-dir-4.2.0.tgz 0ms (cache hit)
288 http cache trim-repeated@https://registry.npmjs.org/trim-repeated/-/trim-repeated-1.0.0.tgz 0ms (cache hit)
289 http cache commondir@https://registry.npmjs.org/commondir/-/commondir-1.0.1.tgz 0ms (cache hit)
290 http cache strip-outer@https://registry.npmjs.org/strip-outer/-/strip-outer-1.0.1.tgz 0ms (cache hit)
291 http cache filename-reserved-regex@https://registry.npmjs.org/filename-reserved-regex/-/filename-reserved-regex-2.0.0.tgz 0ms (cache hit)
292 http cache globby@https://registry.npmjs.org/globby/-/globby-11.1.0.tgz 0ms (cache hit)
293 http cache fs-extra@https://registry.npmjs.org/fs-extra/-/fs-extra-11.3.3.tgz 0ms (cache hit)
294 http cache find-cache-dir@https://registry.npmjs.org/find-cache-dir/-/find-cache-dir-3.3.2.tgz 0ms (cache hit)
295 http cache filenamify@https://registry.npmjs.org/filenamify/-/filenamify-4.3.0.tgz 0ms (cache hit)
296 http cache email-addresses@https://registry.npmjs.org/email-addresses/-/email-addresses-5.0.0.tgz 0ms (cache hit)
297 http cache commander@https://registry.npmjs.org/commander/-/commander-13.1.0.tgz 0ms (cache hit)
298 http cache async@https://registry.npmjs.org/async/-/async-3.2.6.tgz 0ms (cache hit)
299 http cache gh-pages@https://registry.npmjs.org/gh-pages/-/gh-pages-6.3.0.tgz 0ms (cache hit)
300 http cache glob-parent@https://registry.npmjs.org/glob-parent/-/glob-parent-5.1.2.tgz 0ms (cache hit)
301 http cache angular-cli-ghpages@https://registry.npmjs.org/angular-cli-ghpages/-/angular-cli-ghpages-3.0.2.tgz 0ms (cache hit)
302 http cache picomatch@https://registry.npmjs.org/picomatch/-/picomatch-2.3.1.tgz 0ms (cache hit)
303 http cache fsevents@https://registry.npmjs.org/fsevents/-/fsevents-2.3.3.tgz 0ms (cache hit)
304 http cache semver@https://registry.npmjs.org/semver/-/semver-6.3.1.tgz 0ms (cache hit)
305 silly tarball no local data for escape-string-regexp@https://registry.npmjs.org/escape-string-regexp/-/escape-string-regexp-1.0.5.tgz. Extracting by manifest.
306 silly tarball no local data for queue-microtask@https://registry.npmjs.org/queue-microtask/-/queue-microtask-1.2.3.tgz. Extracting by manifest.
307 silly tarball no local data for p-try@https://registry.npmjs.org/p-try/-/p-try-2.2.0.tgz. Extracting by manifest.
308 silly tarball no local data for p-limit@https://registry.npmjs.org/p-limit/-/p-limit-2.3.0.tgz. Extracting by manifest.
309 silly tarball no local data for p-locate@https://registry.npmjs.org/p-locate/-/p-locate-4.1.0.tgz. Extracting by manifest.
310 silly tarball no local data for is-number@https://registry.npmjs.org/is-number/-/is-number-7.0.0.tgz. Extracting by manifest.
311 silly tarball no local data for locate-path@https://registry.npmjs.org/locate-path/-/locate-path-5.0.0.tgz. Extracting by manifest.
312 silly tarball no local data for find-up@https://registry.npmjs.org/find-up/-/find-up-4.1.0.tgz. Extracting by manifest.
313 silly tarball no local data for fill-range@https://registry.npmjs.org/fill-range/-/fill-range-7.1.1.tgz. Extracting by manifest.
314 silly tarball no local data for path-exists@https://registry.npmjs.org/path-exists/-/path-exists-4.0.0.tgz. Extracting by manifest.
315 silly tarball no local data for to-regex-range@https://registry.npmjs.org/to-regex-range/-/to-regex-range-5.0.1.tgz. Extracting by manifest.
316 silly tarball no local data for braces@https://registry.npmjs.org/braces/-/braces-3.0.3.tgz. Extracting by manifest.
317 silly tarball no local data for reusify@https://registry.npmjs.org/reusify/-/reusify-1.1.0.tgz. Extracting by manifest.
318 silly tarball no local data for run-parallel@https://registry.npmjs.org/run-parallel/-/run-parallel-1.2.0.tgz. Extracting by manifest.
319 silly tarball no local data for micromatch@https://registry.npmjs.org/micromatch/-/micromatch-4.0.8.tgz. Extracting by manifest.
320 silly tarball no local data for fastq@https://registry.npmjs.org/fastq/-/fastq-1.20.1.tgz. Extracting by manifest.
321 silly tarball no local data for @nodelib/fs.scandir@https://registry.npmjs.org/@nodelib/fs.scandir/-/fs.scandir-2.1.5.tgz. Extracting by manifest.
322 silly tarball no local data for path-type@https://registry.npmjs.org/path-type/-/path-type-4.0.0.tgz. Extracting by manifest.
323 silly tarball no local data for slash@https://registry.npmjs.org/slash/-/slash-3.0.0.tgz. Extracting by manifest.
324 silly tarball no local data for @nodelib/fs.walk@https://registry.npmjs.org/@nodelib/fs.walk/-/fs.walk-1.2.8.tgz. Extracting by manifest.
325 silly tarball no local data for merge2@https://registry.npmjs.org/merge2/-/merge2-1.4.1.tgz. Extracting by manifest.
326 silly tarball no local data for @nodelib/fs.stat@https://registry.npmjs.org/@nodelib/fs.stat/-/fs.stat-2.0.5.tgz. Extracting by manifest.
327 silly tarball no local data for dir-glob@https://registry.npmjs.org/dir-glob/-/dir-glob-3.0.1.tgz. Extracting by manifest.
328 silly tarball no local data for ignore@https://registry.npmjs.org/ignore/-/ignore-5.3.2.tgz. Extracting by manifest.
329 silly tarball no local data for fast-glob@https://registry.npmjs.org/fast-glob/-/fast-glob-3.3.3.tgz. Extracting by manifest.
330 silly tarball no local data for array-union@https://registry.npmjs.org/array-union/-/array-union-2.1.0.tgz. Extracting by manifest.
331 silly tarball no local data for universalify@https://registry.npmjs.org/universalify/-/universalify-2.0.1.tgz. Extracting by manifest.
332 silly tarball no local data for make-dir@https://registry.npmjs.org/make-dir/-/make-dir-3.1.0.tgz. Extracting by manifest.
333 silly tarball no local data for jsonfile@https://registry.npmjs.org/jsonfile/-/jsonfile-6.2.0.tgz. Extracting by manifest.
334 silly tarball no local data for pkg-dir@https://registry.npmjs.org/pkg-dir/-/pkg-dir-4.2.0.tgz. Extracting by manifest.
335 silly tarball no local data for trim-repeated@https://registry.npmjs.org/trim-repeated/-/trim-repeated-1.0.0.tgz. Extracting by manifest.
336 silly tarball no local data for filename-reserved-regex@https://registry.npmjs.org/filename-reserved-regex/-/filename-reserved-regex-2.0.0.tgz. Extracting by manifest.
337 silly tarball no local data for commondir@https://registry.npmjs.org/commondir/-/commondir-1.0.1.tgz. Extracting by manifest.
338 silly tarball no local data for strip-outer@https://registry.npmjs.org/strip-outer/-/strip-outer-1.0.1.tgz. Extracting by manifest.
339 silly tarball no local data for fs-extra@https://registry.npmjs.org/fs-extra/-/fs-extra-11.3.3.tgz. Extracting by manifest.
340 silly tarball no local data for find-cache-dir@https://registry.npmjs.org/find-cache-dir/-/find-cache-dir-3.3.2.tgz. Extracting by manifest.
341 silly tarball no local data for email-addresses@https://registry.npmjs.org/email-addresses/-/email-addresses-5.0.0.tgz. Extracting by manifest.
342 silly tarball no local data for filenamify@https://registry.npmjs.org/filenamify/-/filenamify-4.3.0.tgz. Extracting by manifest.
343 silly tarball no local data for commander@https://registry.npmjs.org/commander/-/commander-13.1.0.tgz. Extracting by manifest.
344 silly tarball no local data for async@https://registry.npmjs.org/async/-/async-3.2.6.tgz. Extracting by manifest.
345 silly tarball no local data for gh-pages@https://registry.npmjs.org/gh-pages/-/gh-pages-6.3.0.tgz. Extracting by manifest.
346 silly tarball no local data for globby@https://registry.npmjs.org/globby/-/globby-11.1.0.tgz. Extracting by manifest.
347 silly tarball no local data for angular-cli-ghpages@https://registry.npmjs.org/angular-cli-ghpages/-/angular-cli-ghpages-3.0.2.tgz. Extracting by manifest.
348 silly tarball no local data for glob-parent@https://registry.npmjs.org/glob-parent/-/glob-parent-5.1.2.tgz. Extracting by manifest.
349 silly tarball no local data for picomatch@https://registry.npmjs.org/picomatch/-/picomatch-2.3.1.tgz. Extracting by manifest.
350 http fetch GET 200 https://registry.npmjs.org/escape-string-regexp/-/escape-string-regexp-1.0.5.tgz 39ms (cache miss)
351 http fetch GET 200 https://registry.npmjs.org/p-try/-/p-try-2.2.0.tgz 39ms (cache miss)
352 http fetch GET 200 https://registry.npmjs.org/locate-path/-/locate-path-5.0.0.tgz 39ms (cache miss)
353 http fetch GET 200 https://registry.npmjs.org/find-up/-/find-up-4.1.0.tgz 40ms (cache miss)
354 http fetch GET 200 https://registry.npmjs.org/p-limit/-/p-limit-2.3.0.tgz 40ms (cache miss)
355 http fetch GET 200 https://registry.npmjs.org/is-number/-/is-number-7.0.0.tgz 41ms (cache miss)
356 http fetch GET 200 https://registry.npmjs.org/queue-microtask/-/queue-microtask-1.2.3.tgz 43ms (cache miss)
357 http fetch GET 200 https://registry.npmjs.org/p-locate/-/p-locate-4.1.0.tgz 42ms (cache miss)
358 http fetch GET 200 https://registry.npmjs.org/micromatch/-/micromatch-4.0.8.tgz 52ms (cache miss)
359 http fetch GET 200 https://registry.npmjs.org/to-regex-range/-/to-regex-range-5.0.1.tgz 57ms (cache miss)
360 http fetch GET 200 https://registry.npmjs.org/merge2/-/merge2-1.4.1.tgz 57ms (cache miss)
361 http fetch GET 200 https://registry.npmjs.org/slash/-/slash-3.0.0.tgz 58ms (cache miss)
362 http fetch GET 200 https://registry.npmjs.org/path-exists/-/path-exists-4.0.0.tgz 79ms (cache miss)
363 http fetch GET 200 https://registry.npmjs.org/path-type/-/path-type-4.0.0.tgz 78ms (cache miss)
364 http fetch GET 200 https://registry.npmjs.org/run-parallel/-/run-parallel-1.2.0.tgz 78ms (cache miss)
365 http fetch GET 200 https://registry.npmjs.org/dir-glob/-/dir-glob-3.0.1.tgz 78ms (cache miss)
366 http fetch GET 200 https://registry.npmjs.org/fill-range/-/fill-range-7.1.1.tgz 81ms (cache miss)
367 http fetch GET 200 https://registry.npmjs.org/reusify/-/reusify-1.1.0.tgz 80ms (cache miss)
368 http fetch GET 200 https://registry.npmjs.org/fastq/-/fastq-1.20.1.tgz 81ms (cache miss)
369 http fetch GET 200 https://registry.npmjs.org/@nodelib/fs.stat/-/fs.stat-2.0.5.tgz 81ms (cache miss)
370 http fetch GET 200 https://registry.npmjs.org/braces/-/braces-3.0.3.tgz 84ms (cache miss)
371 http fetch GET 200 https://registry.npmjs.org/@nodelib/fs.scandir/-/fs.scandir-2.1.5.tgz 84ms (cache miss)
372 http fetch GET 200 https://registry.npmjs.org/ignore/-/ignore-5.3.2.tgz 84ms (cache miss)
373 http fetch GET 200 https://registry.npmjs.org/@nodelib/fs.walk/-/fs.walk-1.2.8.tgz 85ms (cache miss)
374 http fetch GET 200 https://registry.npmjs.org/array-union/-/array-union-2.1.0.tgz 89ms (cache miss)
375 http fetch GET 200 https://registry.npmjs.org/pkg-dir/-/pkg-dir-4.2.0.tgz 98ms (cache miss)
376 http fetch GET 200 https://registry.npmjs.org/trim-repeated/-/trim-repeated-1.0.0.tgz 98ms (cache miss)
377 http fetch GET 200 https://registry.npmjs.org/universalify/-/universalify-2.0.1.tgz 100ms (cache miss)
378 http fetch GET 200 https://registry.npmjs.org/jsonfile/-/jsonfile-6.2.0.tgz 100ms (cache miss)
379 http fetch GET 200 https://registry.npmjs.org/filename-reserved-regex/-/filename-reserved-regex-2.0.0.tgz 99ms (cache miss)
380 http fetch GET 200 https://registry.npmjs.org/commondir/-/commondir-1.0.1.tgz 99ms (cache miss)
381 http fetch GET 200 https://registry.npmjs.org/make-dir/-/make-dir-3.1.0.tgz 100ms (cache miss)
382 http fetch GET 200 https://registry.npmjs.org/strip-outer/-/strip-outer-1.0.1.tgz 99ms (cache miss)
383 http fetch GET 200 https://registry.npmjs.org/fast-glob/-/fast-glob-3.3.3.tgz 103ms (cache miss)
384 http fetch GET 200 https://registry.npmjs.org/fs-extra/-/fs-extra-11.3.3.tgz 104ms (cache miss)
385 http fetch GET 200 https://registry.npmjs.org/find-cache-dir/-/find-cache-dir-3.3.2.tgz 109ms (cache miss)
386 http fetch GET 200 https://registry.npmjs.org/filenamify/-/filenamify-4.3.0.tgz 113ms (cache miss)
387 http fetch GET 200 https://registry.npmjs.org/commander/-/commander-13.1.0.tgz 126ms (cache miss)
388 http fetch GET 200 https://registry.npmjs.org/email-addresses/-/email-addresses-5.0.0.tgz 128ms (cache miss)
389 http fetch GET 200 https://registry.npmjs.org/angular-cli-ghpages/-/angular-cli-ghpages-3.0.2.tgz 177ms (cache miss)
390 http fetch GET 200 https://registry.npmjs.org/picomatch/-/picomatch-2.3.1.tgz 188ms (cache miss)
391 http fetch GET 200 https://registry.npmjs.org/globby/-/globby-11.1.0.tgz 189ms (cache miss)
392 http fetch GET 200 https://registry.npmjs.org/gh-pages/-/gh-pages-6.3.0.tgz 194ms (cache miss)
393 http fetch GET 200 https://registry.npmjs.org/glob-parent/-/glob-parent-5.1.2.tgz 196ms (cache miss)
394 http fetch GET 200 https://registry.npmjs.org/async/-/async-3.2.6.tgz 197ms (cache miss)
395 http fetch POST 200 https://registry.npmjs.org/-/npm/v1/security/advisories/bulk 294ms
396 silly audit report {}
397 silly ADD node_modules/is-number
398 silly ADD node_modules/escape-string-regexp
399 silly ADD node_modules/queue-microtask
400 silly ADD node_modules/p-try
401 silly ADD node_modules/p-limit
402 silly ADD node_modules/p-locate
403 silly ADD node_modules/path-exists
404 silly ADD node_modules/locate-path
405 silly ADD node_modules/find-up
406 silly ADD node_modules/to-regex-range
407 silly ADD node_modules/fill-range
408 silly ADD node_modules/braces
409 silly ADD node_modules/reusify
410 silly ADD node_modules/run-parallel
411 silly ADD node_modules/fastq
412 silly ADD node_modules/@nodelib/fs.scandir
413 silly ADD node_modules/micromatch
414 silly ADD node_modules/micromatch/node_modules/picomatch
415 silly ADD node_modules/glob-parent
416 silly ADD node_modules/@nodelib/fs.walk
417 silly ADD node_modules/@nodelib/fs.stat
418 silly ADD node_modules/path-type
419 silly ADD node_modules/slash
420 silly ADD node_modules/merge2
421 silly ADD node_modules/ignore
422 silly ADD node_modules/fast-glob
423 silly ADD node_modules/dir-glob
424 silly ADD node_modules/array-union
425 silly ADD node_modules/universalify
426 silly ADD node_modules/jsonfile
427 silly ADD node_modules/pkg-dir
428 silly ADD node_modules/make-dir
429 silly ADD node_modules/make-dir/node_modules/semver
430 silly ADD node_modules/commondir
431 silly ADD node_modules/trim-repeated
432 silly ADD node_modules/strip-outer
433 silly ADD node_modules/filename-reserved-regex
434 silly ADD node_modules/globby
435 silly ADD node_modules/fs-extra
436 silly ADD node_modules/find-cache-dir
437 silly ADD node_modules/filenamify
438 silly ADD node_modules/email-addresses
439 silly ADD node_modules/commander
440 silly ADD node_modules/async
441 silly ADD node_modules/gh-pages
442 silly ADD node_modules/angular-cli-ghpages
443 silly ADD node_modules/fsevents
444 verbose cwd /Users/suraj/work/CaretEDA/website/code/website
445 verbose os Darwin 24.5.0
446 verbose node v25.2.1
447 verbose npm  v11.6.2
448 verbose exit 0
449 info ok
